2022-04-23 12:33:59 | [INFO]    | Discordia 2.9.2
2022-04-23 12:33:59 | [INFO]    | Connecting to Discord...
2022-04-23 12:33:59 | [INFO]    | Authenticated as lightswitch#7368
2022-04-23 12:34:01 | [INFO]    | Launching shard 0 (1 out of 1)...
2022-04-23 12:34:01 | [INFO]    | Shard 0 : Connected to wss://gateway.discord.gg
2022-04-23 12:34:01 | [INFO]    | Shard 0 : Received HELLO
2022-04-23 12:34:02 | [INFO]    | Shard 0 : Received READY
2022-04-23 12:38:18 | [INFO]    | Discordia 2.9.2
2022-04-23 12:38:18 | [INFO]    | Connecting to Discord...
2022-04-23 12:38:18 | [INFO]    | Authenticated as lightswitch#7368
2022-04-23 12:38:18 | [INFO]    | Launching shard 0 (1 out of 1)...
2022-04-23 12:38:18 | [INFO]    | Shard 0 : Connected to wss://gateway.discord.gg
2022-04-23 12:38:18 | [INFO]    | Shard 0 : Received HELLO
2022-04-23 12:38:19 | [INFO]    | Shard 0 : Received READY
2022-04-23 13:04:11 | [INFO]    | Discordia 2.9.2
2022-04-23 13:04:11 | [INFO]    | Connecting to Discord...
2022-04-23 13:04:11 | [INFO]    | Authenticated as lightswitch#7368
2022-04-23 13:04:11 | [INFO]    | Launching shard 0 (1 out of 1)...
2022-04-23 13:04:12 | [INFO]    | Shard 0 : Connected to wss://gateway.discord.gg
2022-04-23 13:04:12 | [INFO]    | Shard 0 : Received HELLO
2022-04-23 13:04:12 | [INFO]    | Shard 0 : Received READY
2022-04-23 13:53:08 | [INFO]    | Shard 0 : Discord has requested a reconnection
2022-04-23 13:53:08 | [INFO]    | Shard 0 : Disconnected
2022-04-23 13:53:08 | [INFO]    | Shard 0 : Reconnecting...
2022-04-23 13:53:08 | [INFO]    | Shard 0 : Connected to wss://gateway.discord.gg
2022-04-23 13:53:08 | [INFO]    | Shard 0 : Received HELLO
2022-04-23 13:53:08 | [INFO]    | Shard 0 : Received RESUMED
2022-04-23 14:25:59 | [INFO]    | Discordia 2.9.2
2022-04-23 14:25:59 | [INFO]    | Connecting to Discord...
2022-04-23 14:25:59 | [INFO]    | Authenticated as lightswitch#7368
2022-04-23 14:26:00 | [INFO]    | Launching shard 0 (1 out of 1)...
2022-04-23 14:26:00 | [INFO]    | Shard 0 : Connected to wss://gateway.discord.gg
2022-04-23 14:26:00 | [INFO]    | Shard 0 : Received HELLO
2022-04-23 14:26:00 | [INFO]    | Shard 0 : Received READY
2022-04-23 14:27:15 | [INFO]    | Discordia 2.9.2
2022-04-23 14:27:15 | [INFO]    | Connecting to Discord...
2022-04-23 14:27:15 | [INFO]    | Authenticated as lightswitch#7368
2022-04-23 14:27:15 | [INFO]    | Launching shard 0 (1 out of 1)...
2022-04-23 14:27:15 | [INFO]    | Shard 0 : Connected to wss://gateway.discord.gg
2022-04-23 14:27:15 | [INFO]    | Shard 0 : Received HELLO
2022-04-23 14:27:16 | [INFO]    | Shard 0 : Received READY
2022-04-23 14:29:49 | [INFO]    | Discordia 2.9.2
2022-04-23 14:29:49 | [INFO]    | Connecting to Discord...
2022-04-23 14:29:50 | [INFO]    | Authenticated as lightswitch#7368
2022-04-23 14:29:50 | [INFO]    | Launching shard 0 (1 out of 1)...
2022-04-23 14:29:50 | [INFO]    | Shard 0 : Connected to wss://gateway.discord.gg
2022-04-23 14:29:50 | [INFO]    | Shard 0 : Received HELLO
2022-04-23 14:29:50 | [INFO]    | Shard 0 : Received READY
2022-04-23 14:41:34 | [INFO]    | Discordia 2.9.2
2022-04-23 14:41:34 | [INFO]    | Connecting to Discord...
2022-04-23 14:41:34 | [INFO]    | Authenticated as lightswitch#7368
2022-04-23 14:41:34 | [INFO]    | Launching shard 0 (1 out of 1)...
2022-04-23 14:41:34 | [INFO]    | Shard 0 : Connected to wss://gateway.discord.gg
2022-04-23 14:41:34 | [INFO]    | Shard 0 : Received HELLO
2022-04-23 14:41:35 | [INFO]    | Shard 0 : Received READY
2022-04-23 14:47:10 | [INFO]    | Discordia 2.9.2
2022-04-23 14:47:10 | [INFO]    | Connecting to Discord...
2022-04-23 14:47:10 | [INFO]    | Authenticated as lightswitch#7368
2022-04-23 14:47:10 | [INFO]    | Launching shard 0 (1 out of 1)...
2022-04-23 14:47:11 | [INFO]    | Shard 0 : Connected to wss://gateway.discord.gg
2022-04-23 14:47:11 | [INFO]    | Shard 0 : Received HELLO
2022-04-23 14:47:11 | [INFO]    | Shard 0 : Received READY
2022-04-23 14:47:34 | [INFO]    | Discordia 2.9.2
2022-04-23 14:47:34 | [INFO]    | Connecting to Discord...
2022-04-23 14:47:34 | [INFO]    | Authenticated as lightswitch#7368
2022-04-23 14:47:34 | [INFO]    | Launching shard 0 (1 out of 1)...
2022-04-23 14:47:34 | [INFO]    | Shard 0 : Connected to wss://gateway.discord.gg
2022-04-23 14:47:34 | [INFO]    | Shard 0 : Received HELLO
2022-04-23 14:47:35 | [INFO]    | Shard 0 : Received READY
2022-04-23 14:52:11 | [INFO]    | Discordia 2.9.2
2022-04-23 14:52:11 | [INFO]    | Connecting to Discord...
2022-04-23 14:52:12 | [INFO]    | Authenticated as lightswitch#7368
2022-04-23 14:52:12 | [INFO]    | Launching shard 0 (1 out of 1)...
2022-04-23 14:52:12 | [INFO]    | Shard 0 : Connected to wss://gateway.discord.gg
2022-04-23 14:52:12 | [INFO]    | Shard 0 : Received HELLO
2022-04-23 14:52:12 | [INFO]    | Shard 0 : Received READY
2022-04-23 14:53:01 | [INFO]    | Discordia 2.9.2
2022-04-23 14:53:01 | [INFO]    | Connecting to Discord...
2022-04-23 14:53:01 | [INFO]    | Authenticated as lightswitch#7368
2022-04-23 14:53:01 | [INFO]    | Launching shard 0 (1 out of 1)...
2022-04-23 14:53:02 | [INFO]    | Shard 0 : Connected to wss://gateway.discord.gg
2022-04-23 14:53:02 | [INFO]    | Shard 0 : Received HELLO
2022-04-23 14:53:02 | [INFO]    | Shard 0 : Received READY
2022-04-23 14:53:58 | [INFO]    | Discordia 2.9.2
2022-04-23 14:53:58 | [INFO]    | Connecting to Discord...
2022-04-23 14:53:59 | [INFO]    | Authenticated as lightswitch#7368
2022-04-23 14:53:59 | [INFO]    | Launching shard 0 (1 out of 1)...
2022-04-23 14:53:59 | [INFO]    | Shard 0 : Connected to wss://gateway.discord.gg
2022-04-23 14:53:59 | [INFO]    | Shard 0 : Received HELLO
2022-04-23 14:53:59 | [INFO]    | Shard 0 : Received READY
2022-04-23 14:54:22 | [INFO]    | Discordia 2.9.2
2022-04-23 14:54:22 | [INFO]    | Connecting to Discord...
2022-04-23 14:54:22 | [INFO]    | Authenticated as lightswitch#7368
2022-04-23 14:54:22 | [INFO]    | Launching shard 0 (1 out of 1)...
2022-04-23 14:54:23 | [INFO]    | Shard 0 : Connected to wss://gateway.discord.gg
2022-04-23 14:54:23 | [INFO]    | Shard 0 : Received HELLO
2022-04-23 14:54:23 | [INFO]    | Shard 0 : Received READY
2022-04-23 14:55:33 | [INFO]    | Discordia 2.9.2
2022-04-23 14:55:33 | [INFO]    | Connecting to Discord...
2022-04-23 14:55:34 | [INFO]    | Authenticated as lightswitch#7368
2022-04-23 14:55:34 | [INFO]    | Launching shard 0 (1 out of 1)...
2022-04-23 14:55:34 | [INFO]    | Shard 0 : Connected to wss://gateway.discord.gg
2022-04-23 14:55:34 | [INFO]    | Shard 0 : Received HELLO
2022-04-23 14:55:34 | [INFO]    | Shard 0 : Received READY
2022-04-23 14:58:37 | [INFO]    | Discordia 2.9.2
2022-04-23 14:58:37 | [INFO]    | Connecting to Discord...
2022-04-23 14:58:37 | [INFO]    | Authenticated as lightswitch#7368
2022-04-23 14:58:37 | [INFO]    | Launching shard 0 (1 out of 1)...
2022-04-23 14:58:38 | [INFO]    | Shard 0 : Connected to wss://gateway.discord.gg
2022-04-23 14:58:38 | [INFO]    | Shard 0 : Received HELLO
2022-04-23 14:58:38 | [INFO]    | Shard 0 : Received READY
2022-04-23 15:00:24 | [INFO]    | Discordia 2.9.2
2022-04-23 15:00:24 | [INFO]    | Connecting to Discord...
2022-04-23 15:00:24 | [INFO]    | Authenticated as lightswitch#7368
2022-04-23 15:00:24 | [INFO]    | Launching shard 0 (1 out of 1)...
2022-04-23 15:00:24 | [INFO]    | Shard 0 : Connected to wss://gateway.discord.gg
2022-04-23 15:00:24 | [INFO]    | Shard 0 : Received HELLO
2022-04-23 15:00:25 | [INFO]    | Shard 0 : Received READY
2022-04-23 15:01:54 | [INFO]    | Discordia 2.9.2
2022-04-23 15:01:54 | [INFO]    | Connecting to Discord...
2022-04-23 15:01:54 | [INFO]    | Authenticated as lightswitch#7368
2022-04-23 15:01:54 | [INFO]    | Launching shard 0 (1 out of 1)...
2022-04-23 15:01:54 | [INFO]    | Shard 0 : Connected to wss://gateway.discord.gg
2022-04-23 15:01:54 | [INFO]    | Shard 0 : Received HELLO
2022-04-23 15:01:55 | [INFO]    | Shard 0 : Received READY
2022-04-23 15:05:20 | [INFO]    | Discordia 2.9.2
2022-04-23 15:05:20 | [INFO]    | Connecting to Discord...
2022-04-23 15:05:21 | [INFO]    | Authenticated as lightswitch#7368
2022-04-23 15:05:21 | [INFO]    | Launching shard 0 (1 out of 1)...
2022-04-23 15:05:21 | [INFO]    | Shard 0 : Connected to wss://gateway.discord.gg
2022-04-23 15:05:21 | [INFO]    | Shard 0 : Received HELLO
2022-04-23 15:05:21 | [INFO]    | Shard 0 : Received READY
2022-04-23 15:07:58 | [INFO]    | Discordia 2.9.2
2022-04-23 15:07:58 | [INFO]    | Connecting to Discord...
2022-04-23 15:07:59 | [INFO]    | Authenticated as lightswitch#7368
2022-04-23 15:07:59 | [INFO]    | Launching shard 0 (1 out of 1)...
2022-04-23 15:07:59 | [INFO]    | Shard 0 : Connected to wss://gateway.discord.gg
2022-04-23 15:07:59 | [INFO]    | Shard 0 : Received HELLO
2022-04-23 15:07:59 | [INFO]    | Shard 0 : Received READY
2022-04-23 15:08:27 | [INFO]    | Discordia 2.9.2
2022-04-23 15:08:27 | [INFO]    | Connecting to Discord...
2022-04-23 15:08:27 | [INFO]    | Authenticated as lightswitch#7368
2022-04-23 15:08:27 | [INFO]    | Launching shard 0 (1 out of 1)...
2022-04-23 15:08:28 | [INFO]    | Shard 0 : Connected to wss://gateway.discord.gg
2022-04-23 15:08:28 | [INFO]    | Shard 0 : Received HELLO
2022-04-23 15:08:28 | [INFO]    | Shard 0 : Received READY
2022-04-23 15:10:19 | [INFO]    | Discordia 2.9.2
2022-04-23 15:10:19 | [INFO]    | Connecting to Discord...
2022-04-23 15:10:20 | [INFO]    | Authenticated as lightswitch#7368
2022-04-23 15:10:20 | [INFO]    | Launching shard 0 (1 out of 1)...
2022-04-23 15:10:20 | [INFO]    | Shard 0 : Connected to wss://gateway.discord.gg
2022-04-23 15:10:20 | [INFO]    | Shard 0 : Received HELLO
2022-04-23 15:10:20 | [INFO]    | Shard 0 : Received READY
2022-04-23 15:46:49 | [INFO]    | Discordia 2.9.2
2022-04-23 15:46:49 | [INFO]    | Connecting to Discord...
2022-04-23 15:46:49 | [INFO]    | Authenticated as lightswitch#7368
2022-04-23 15:46:49 | [INFO]    | Launching shard 0 (1 out of 1)...
2022-04-23 15:46:50 | [INFO]    | Shard 0 : Connected to wss://gateway.discord.gg
2022-04-23 15:46:50 | [INFO]    | Shard 0 : Received HELLO
2022-04-23 15:46:50 | [INFO]    | Shard 0 : Received READY
2022-04-23 15:55:27 | [INFO]    | Discordia 2.9.2
2022-04-23 15:55:27 | [INFO]    | Connecting to Discord...
2022-04-23 15:55:27 | [INFO]    | Authenticated as lightswitch#7368
2022-04-23 15:55:27 | [INFO]    | Launching shard 0 (1 out of 1)...
2022-04-23 15:55:28 | [INFO]    | Shard 0 : Connected to wss://gateway.discord.gg
2022-04-23 15:55:28 | [INFO]    | Shard 0 : Received HELLO
2022-04-23 15:55:28 | [INFO]    | Shard 0 : Received READY
2022-04-23 16:10:43 | [INFO]    | Discordia 2.9.2
2022-04-23 16:10:43 | [INFO]    | Connecting to Discord...
2022-04-23 16:10:44 | [INFO]    | Authenticated as lightswitch#7368
2022-04-23 16:10:44 | [INFO]    | Launching shard 0 (1 out of 1)...
2022-04-23 16:10:44 | [INFO]    | Shard 0 : Connected to wss://gateway.discord.gg
2022-04-23 16:10:44 | [INFO]    | Shard 0 : Received HELLO
2022-04-23 16:10:44 | [INFO]    | Shard 0 : Received READY
2022-04-23 16:15:35 | [INFO]    | Discordia 2.9.2
2022-04-23 16:15:35 | [INFO]    | Connecting to Discord...
2022-04-23 16:15:36 | [INFO]    | Authenticated as lightswitch#7368
2022-04-23 16:15:36 | [INFO]    | Launching shard 0 (1 out of 1)...
2022-04-23 16:15:36 | [INFO]    | Shard 0 : Connected to wss://gateway.discord.gg
2022-04-23 16:15:36 | [INFO]    | Shard 0 : Received HELLO
2022-04-23 16:15:36 | [INFO]    | Shard 0 : Received READY
2022-04-23 16:21:02 | [INFO]    | Discordia 2.9.2
2022-04-23 16:21:02 | [INFO]    | Connecting to Discord...
2022-04-23 16:21:02 | [INFO]    | Authenticated as lightswitch#7368
2022-04-23 16:21:02 | [INFO]    | Launching shard 0 (1 out of 1)...
2022-04-23 16:21:03 | [INFO]    | Shard 0 : Connected to wss://gateway.discord.gg
2022-04-23 16:21:03 | [INFO]    | Shard 0 : Received HELLO
2022-04-23 16:21:03 | [INFO]    | Shard 0 : Received READY
2022-04-23 16:21:48 | [INFO]    | Discordia 2.9.2
2022-04-23 16:21:48 | [INFO]    | Connecting to Discord...
2022-04-23 16:21:49 | [INFO]    | Authenticated as lightswitch#7368
2022-04-23 16:21:49 | [INFO]    | Launching shard 0 (1 out of 1)...
2022-04-23 16:21:49 | [INFO]    | Shard 0 : Connected to wss://gateway.discord.gg
2022-04-23 16:21:49 | [INFO]    | Shard 0 : Received HELLO
2022-04-23 16:21:49 | [INFO]    | Shard 0 : Received READY
2022-04-23 16:26:38 | [INFO]    | Discordia 2.9.2
2022-04-23 16:26:38 | [INFO]    | Connecting to Discord...
2022-04-23 16:26:38 | [INFO]    | Authenticated as lightswitch#7368
2022-04-23 16:26:38 | [INFO]    | Launching shard 0 (1 out of 1)...
2022-04-23 16:26:39 | [INFO]    | Shard 0 : Connected to wss://gateway.discord.gg
2022-04-23 16:26:39 | [INFO]    | Shard 0 : Received HELLO
2022-04-23 16:26:39 | [INFO]    | Shard 0 : Received READY
2022-04-23 16:27:01 | [INFO]    | Discordia 2.9.2
2022-04-23 16:27:01 | [INFO]    | Connecting to Discord...
2022-04-23 16:27:01 | [INFO]    | Authenticated as lightswitch#7368
2022-04-23 16:27:01 | [INFO]    | Launching shard 0 (1 out of 1)...
2022-04-23 16:27:01 | [INFO]    | Shard 0 : Connected to wss://gateway.discord.gg
2022-04-23 16:27:01 | [INFO]    | Shard 0 : Received HELLO
2022-04-23 16:27:02 | [INFO]    | Shard 0 : Received READY
2022-04-24 00:48:42 | [INFO]    | Discordia 2.9.2
2022-04-24 00:48:42 | [INFO]    | Connecting to Discord...
2022-04-24 00:48:42 | [INFO]    | Authenticated as lightswitch#7368
2022-04-24 00:48:42 | [INFO]    | Launching shard 0 (1 out of 1)...
2022-04-24 00:48:43 | [INFO]    | Shard 0 : Connected to wss://gateway.discord.gg
2022-04-24 00:48:43 | [INFO]    | Shard 0 : Received HELLO
2022-04-24 00:48:43 | [INFO]    | Shard 0 : Received READY
2022-04-24 00:49:19 | [INFO]    | Discordia 2.9.2
2022-04-24 00:49:19 | [INFO]    | Connecting to Discord...
2022-04-24 00:49:19 | [INFO]    | Authenticated as lightswitch#7368
2022-04-24 00:49:19 | [INFO]    | Launching shard 0 (1 out of 1)...
2022-04-24 00:49:19 | [INFO]    | Shard 0 : Connected to wss://gateway.discord.gg
2022-04-24 00:49:19 | [INFO]    | Shard 0 : Received HELLO
2022-04-24 00:49:20 | [INFO]    | Shard 0 : Received READY
2022-04-24 01:00:18 | [INFO]    | Discordia 2.9.2
2022-04-24 01:00:18 | [INFO]    | Connecting to Discord...
2022-04-24 01:00:18 | [INFO]    | Authenticated as lightswitch#7368
2022-04-24 01:00:18 | [INFO]    | Launching shard 0 (1 out of 1)...
2022-04-24 01:00:19 | [INFO]    | Shard 0 : Connected to wss://gateway.discord.gg
2022-04-24 01:00:19 | [INFO]    | Shard 0 : Received HELLO
2022-04-24 01:00:19 | [INFO]    | Shard 0 : Received READY
2022-04-24 01:09:13 | [INFO]    | Discordia 2.9.2
2022-04-24 01:09:13 | [INFO]    | Connecting to Discord...
2022-04-24 01:09:13 | [INFO]    | Authenticated as lightswitch#7368
2022-04-24 01:09:13 | [INFO]    | Launching shard 0 (1 out of 1)...
2022-04-24 01:09:13 | [INFO]    | Shard 0 : Connected to wss://gateway.discord.gg
2022-04-24 01:09:13 | [INFO]    | Shard 0 : Received HELLO
2022-04-24 01:09:14 | [INFO]    | Shard 0 : Received READY
2022-04-24 01:09:42 | [INFO]    | Discordia 2.9.2
2022-04-24 01:09:42 | [INFO]    | Connecting to Discord...
2022-04-24 01:09:42 | [INFO]    | Authenticated as lightswitch#7368
2022-04-24 01:09:42 | [INFO]    | Launching shard 0 (1 out of 1)...
2022-04-24 01:09:42 | [INFO]    | Shard 0 : Connected to wss://gateway.discord.gg
2022-04-24 01:09:42 | [INFO]    | Shard 0 : Received HELLO
2022-04-24 01:09:43 | [INFO]    | Shard 0 : Received READY
2022-04-24 01:09:48 | [ERROR]   | 403 - Forbidden : PATCH https://discord.com/api/v7/channels/966910445195771914/messages/967442172725051472
2022-04-24 01:11:23 | [INFO]    | Discordia 2.9.2
2022-04-24 01:11:23 | [INFO]    | Connecting to Discord...
2022-04-24 01:11:24 | [INFO]    | Authenticated as lightswitch#7368
2022-04-24 01:11:24 | [INFO]    | Launching shard 0 (1 out of 1)...
2022-04-24 01:11:24 | [INFO]    | Shard 0 : Connected to wss://gateway.discord.gg
2022-04-24 01:11:24 | [INFO]    | Shard 0 : Received HELLO
2022-04-24 01:11:24 | [INFO]    | Shard 0 : Received READY
2022-04-24 01:17:40 | [INFO]    | Discordia 2.9.2
2022-04-24 01:17:40 | [INFO]    | Connecting to Discord...
2022-04-24 01:17:41 | [INFO]    | Authenticated as lightswitch#7368
2022-04-24 01:17:41 | [INFO]    | Launching shard 0 (1 out of 1)...
2022-04-24 01:17:41 | [INFO]    | Shard 0 : Connected to wss://gateway.discord.gg
2022-04-24 01:17:41 | [INFO]    | Shard 0 : Received HELLO
2022-04-24 01:17:41 | [INFO]    | Shard 0 : Received READY
2022-04-24 01:18:01 | [INFO]    | Discordia 2.9.2
2022-04-24 01:18:01 | [INFO]    | Connecting to Discord...
2022-04-24 01:18:01 | [INFO]    | Authenticated as lightswitch#7368
2022-04-24 01:18:01 | [INFO]    | Launching shard 0 (1 out of 1)...
2022-04-24 01:18:02 | [INFO]    | Shard 0 : Connected to wss://gateway.discord.gg
2022-04-24 01:18:02 | [INFO]    | Shard 0 : Received HELLO
2022-04-24 01:18:02 | [INFO]    | Shard 0 : Received READY
2022-04-24 01:27:42 | [INFO]    | Discordia 2.9.2
2022-04-24 01:27:42 | [INFO]    | Connecting to Discord...
2022-04-24 01:27:43 | [INFO]    | Authenticated as lightswitch#7368
2022-04-24 01:27:43 | [INFO]    | Launching shard 0 (1 out of 1)...
2022-04-24 01:27:43 | [INFO]    | Shard 0 : Connected to wss://gateway.discord.gg
2022-04-24 01:27:43 | [INFO]    | Shard 0 : Received HELLO
2022-04-24 01:27:43 | [INFO]    | Shard 0 : Received READY
2022-04-24 01:27:58 | [INFO]    | Discordia 2.9.2
2022-04-24 01:27:58 | [INFO]    | Connecting to Discord...
2022-04-24 01:27:58 | [INFO]    | Authenticated as lightswitch#7368
2022-04-24 01:27:58 | [INFO]    | Launching shard 0 (1 out of 1)...
2022-04-24 01:27:58 | [INFO]    | Shard 0 : Connected to wss://gateway.discord.gg
2022-04-24 01:27:58 | [INFO]    | Shard 0 : Received HELLO
2022-04-24 01:27:59 | [INFO]    | Shard 0 : Received READY
2022-04-24 01:28:03 | [ERROR]   | 403 - Forbidden : PATCH https://discord.com/api/v7/channels/966910445195771914/messages/967446759775293441
2022-04-24 01:32:44 | [INFO]    | Discordia 2.9.2
2022-04-24 01:32:44 | [INFO]    | Connecting to Discord...
2022-04-24 01:32:45 | [INFO]    | Authenticated as lightswitch#7368
2022-04-24 01:32:45 | [INFO]    | Launching shard 0 (1 out of 1)...
2022-04-24 01:32:45 | [INFO]    | Shard 0 : Connected to wss://gateway.discord.gg
2022-04-24 01:32:45 | [INFO]    | Shard 0 : Received HELLO
2022-04-24 01:32:45 | [INFO]    | Shard 0 : Received READY
2022-04-24 01:32:53 | [ERROR]   | 403 - Forbidden : PATCH https://discord.com/api/v7/channels/966910445195771914/messages/967447980745572352
2022-04-24 01:33:38 | [INFO]    | Discordia 2.9.2
2022-04-24 01:33:38 | [INFO]    | Connecting to Discord...
2022-04-24 01:33:39 | [INFO]    | Authenticated as lightswitch#7368
2022-04-24 01:33:39 | [INFO]    | Launching shard 0 (1 out of 1)...
2022-04-24 01:33:39 | [INFO]    | Shard 0 : Connected to wss://gateway.discord.gg
2022-04-24 01:33:39 | [INFO]    | Shard 0 : Received HELLO
2022-04-24 01:33:39 | [INFO]    | Shard 0 : Received READY
2022-04-24 01:33:54 | [INFO]    | Discordia 2.9.2
2022-04-24 01:33:54 | [INFO]    | Connecting to Discord...
2022-04-24 01:33:54 | [INFO]    | Authenticated as lightswitch#7368
2022-04-24 01:33:54 | [INFO]    | Launching shard 0 (1 out of 1)...
2022-04-24 01:33:54 | [INFO]    | Shard 0 : Connected to wss://gateway.discord.gg
2022-04-24 01:33:54 | [INFO]    | Shard 0 : Received HELLO
2022-04-24 01:33:54 | [INFO]    | Shard 0 : Received READY
2022-04-24 01:38:13 | [INFO]    | Discordia 2.9.2
2022-04-24 01:38:13 | [INFO]    | Connecting to Discord...
2022-04-24 01:38:13 | [INFO]    | Authenticated as lightswitch#7368
2022-04-24 01:38:13 | [INFO]    | Launching shard 0 (1 out of 1)...
2022-04-24 01:38:13 | [INFO]    | Shard 0 : Connected to wss://gateway.discord.gg
2022-04-24 01:38:13 | [INFO]    | Shard 0 : Received HELLO
2022-04-24 01:38:13 | [INFO]    | Shard 0 : Received READY
2022-04-24 01:41:23 | [INFO]    | Discordia 2.9.2
2022-04-24 01:41:23 | [INFO]    | Connecting to Discord...
2022-04-24 01:41:23 | [INFO]    | Authenticated as lightswitch#7368
2022-04-24 01:41:23 | [INFO]    | Launching shard 0 (1 out of 1)...
2022-04-24 01:41:23 | [INFO]    | Shard 0 : Connected to wss://gateway.discord.gg
2022-04-24 01:41:23 | [INFO]    | Shard 0 : Received HELLO
2022-04-24 01:41:24 | [INFO]    | Shard 0 : Received READY
2022-04-24 01:42:05 | [INFO]    | Discordia 2.9.2
2022-04-24 01:42:05 | [INFO]    | Connecting to Discord...
2022-04-24 01:42:05 | [INFO]    | Authenticated as lightswitch#7368
2022-04-24 01:42:05 | [INFO]    | Launching shard 0 (1 out of 1)...
2022-04-24 01:42:06 | [INFO]    | Shard 0 : Connected to wss://gateway.discord.gg
2022-04-24 01:42:06 | [INFO]    | Shard 0 : Received HELLO
2022-04-24 01:42:06 | [INFO]    | Shard 0 : Received READY
2022-04-24 01:43:38 | [INFO]    | Discordia 2.9.2
2022-04-24 01:43:38 | [INFO]    | Connecting to Discord...
2022-04-24 01:43:38 | [INFO]    | Authenticated as lightswitch#7368
2022-04-24 01:43:38 | [INFO]    | Launching shard 0 (1 out of 1)...
2022-04-24 01:43:38 | [INFO]    | Shard 0 : Connected to wss://gateway.discord.gg
2022-04-24 01:43:38 | [INFO]    | Shard 0 : Received HELLO
2022-04-24 01:43:39 | [INFO]    | Shard 0 : Received READY
2022-04-24 01:45:07 | [INFO]    | Discordia 2.9.2
2022-04-24 01:45:07 | [INFO]    | Connecting to Discord...
2022-04-24 01:45:07 | [INFO]    | Authenticated as lightswitch#7368
2022-04-24 01:45:07 | [INFO]    | Launching shard 0 (1 out of 1)...
2022-04-24 01:45:07 | [INFO]    | Shard 0 : Connected to wss://gateway.discord.gg
2022-04-24 01:45:07 | [INFO]    | Shard 0 : Received HELLO
2022-04-24 01:45:08 | [INFO]    | Shard 0 : Received READY
2022-04-24 01:47:14 | [INFO]    | Discordia 2.9.2
2022-04-24 01:47:14 | [INFO]    | Connecting to Discord...
2022-04-24 01:47:15 | [INFO]    | Authenticated as lightswitch#7368
2022-04-24 01:47:15 | [INFO]    | Launching shard 0 (1 out of 1)...
2022-04-24 01:47:15 | [INFO]    | Shard 0 : Connected to wss://gateway.discord.gg
2022-04-24 01:47:15 | [INFO]    | Shard 0 : Received HELLO
2022-04-24 01:47:15 | [INFO]    | Shard 0 : Received READY
2022-04-24 01:54:20 | [INFO]    | Discordia 2.9.2
2022-04-24 01:54:20 | [INFO]    | Connecting to Discord...
2022-04-24 01:54:21 | [INFO]    | Authenticated as lightswitch#7368
2022-04-24 01:54:21 | [INFO]    | Launching shard 0 (1 out of 1)...
2022-04-24 01:54:22 | [INFO]    | Shard 0 : Connected to wss://gateway.discord.gg
2022-04-24 01:54:22 | [INFO]    | Shard 0 : Received HELLO
2022-04-24 01:54:22 | [INFO]    | Shard 0 : Received READY
2022-04-24 01:54:48 | [INFO]    | Discordia 2.9.2
2022-04-24 01:54:48 | [INFO]    | Connecting to Discord...
2022-04-24 01:54:49 | [INFO]    | Authenticated as lightswitch#7368
2022-04-24 01:54:49 | [INFO]    | Launching shard 0 (1 out of 1)...
2022-04-24 01:54:49 | [INFO]    | Shard 0 : Connected to wss://gateway.discord.gg
2022-04-24 01:54:49 | [INFO]    | Shard 0 : Received HELLO
2022-04-24 01:54:49 | [INFO]    | Shard 0 : Received READY
2022-04-24 02:03:11 | [INFO]    | Discordia 2.9.2
2022-04-24 02:03:11 | [INFO]    | Connecting to Discord...
2022-04-24 02:03:11 | [INFO]    | Authenticated as lightswitch#7368
2022-04-24 02:03:11 | [INFO]    | Launching shard 0 (1 out of 1)...
2022-04-24 02:03:11 | [INFO]    | Shard 0 : Connected to wss://gateway.discord.gg
2022-04-24 02:03:11 | [INFO]    | Shard 0 : Received HELLO
2022-04-24 02:03:11 | [INFO]    | Shard 0 : Received READY
2022-04-24 02:03:33 | [INFO]    | Discordia 2.9.2
2022-04-24 02:03:33 | [INFO]    | Connecting to Discord...
2022-04-24 02:03:34 | [INFO]    | Authenticated as lightswitch#7368
2022-04-24 02:03:34 | [INFO]    | Launching shard 0 (1 out of 1)...
2022-04-24 02:03:34 | [INFO]    | Shard 0 : Connected to wss://gateway.discord.gg
2022-04-24 02:03:34 | [INFO]    | Shard 0 : Received HELLO
2022-04-24 02:03:34 | [INFO]    | Shard 0 : Received READY
2022-04-24 02:05:20 | [INFO]    | Discordia 2.9.2
2022-04-24 02:05:20 | [INFO]    | Connecting to Discord...
2022-04-24 02:05:20 | [INFO]    | Authenticated as lightswitch#7368
2022-04-24 02:05:20 | [INFO]    | Launching shard 0 (1 out of 1)...
2022-04-24 02:05:20 | [INFO]    | Shard 0 : Connected to wss://gateway.discord.gg
2022-04-24 02:05:20 | [INFO]    | Shard 0 : Received HELLO
2022-04-24 02:05:21 | [INFO]    | Shard 0 : Received READY
2022-04-24 02:05:53 | [INFO]    | Discordia 2.9.2
2022-04-24 02:05:53 | [INFO]    | Connecting to Discord...
2022-04-24 02:05:53 | [INFO]    | Authenticated as lightswitch#7368
2022-04-24 02:05:53 | [INFO]    | Launching shard 0 (1 out of 1)...
2022-04-24 02:05:53 | [INFO]    | Shard 0 : Connected to wss://gateway.discord.gg
2022-04-24 02:05:53 | [INFO]    | Shard 0 : Received HELLO
2022-04-24 02:05:53 | [INFO]    | Shard 0 : Received READY
2022-04-24 02:13:45 | [INFO]    | Discordia 2.9.2
2022-04-24 02:13:45 | [INFO]    | Connecting to Discord...
2022-04-24 02:13:45 | [INFO]    | Authenticated as lightswitch#7368
2022-04-24 02:13:45 | [INFO]    | Launching shard 0 (1 out of 1)...
2022-04-24 02:13:46 | [INFO]    | Shard 0 : Connected to wss://gateway.discord.gg
2022-04-24 02:13:46 | [INFO]    | Shard 0 : Received HELLO
2022-04-24 02:13:46 | [INFO]    | Shard 0 : Received READY
2022-04-24 02:14:05 | [INFO]    | Discordia 2.9.2
2022-04-24 02:14:05 | [INFO]    | Connecting to Discord...
2022-04-24 02:14:06 | [INFO]    | Authenticated as lightswitch#7368
2022-04-24 02:14:06 | [INFO]    | Launching shard 0 (1 out of 1)...
2022-04-24 02:14:06 | [INFO]    | Shard 0 : Connected to wss://gateway.discord.gg
2022-04-24 02:14:06 | [INFO]    | Shard 0 : Received HELLO
2022-04-24 02:14:06 | [INFO]    | Shard 0 : Received READY
2022-04-24 02:14:16 | [INFO]    | Discordia 2.9.2
2022-04-24 02:14:16 | [INFO]    | Connecting to Discord...
2022-04-24 02:14:16 | [INFO]    | Authenticated as lightswitch#7368
2022-04-24 02:14:16 | [INFO]    | Launching shard 0 (1 out of 1)...
2022-04-24 02:14:17 | [INFO]    | Shard 0 : Connected to wss://gateway.discord.gg
2022-04-24 02:14:17 | [INFO]    | Shard 0 : Received HELLO
2022-04-24 02:14:17 | [INFO]    | Shard 0 : Received READY
2022-04-24 02:14:44 | [INFO]    | Discordia 2.9.2
2022-04-24 02:14:44 | [INFO]    | Connecting to Discord...
2022-04-24 02:14:44 | [INFO]    | Authenticated as lightswitch#7368
2022-04-24 02:14:44 | [INFO]    | Launching shard 0 (1 out of 1)...
2022-04-24 02:14:44 | [INFO]    | Shard 0 : Connected to wss://gateway.discord.gg
2022-04-24 02:14:44 | [INFO]    | Shard 0 : Received HELLO
2022-04-24 02:14:44 | [INFO]    | Shard 0 : Received READY
2022-04-24 02:15:12 | [INFO]    | Discordia 2.9.2
2022-04-24 02:15:12 | [INFO]    | Connecting to Discord...
2022-04-24 02:15:12 | [INFO]    | Authenticated as lightswitch#7368
2022-04-24 02:15:12 | [INFO]    | Launching shard 0 (1 out of 1)...
2022-04-24 02:15:12 | [INFO]    | Shard 0 : Connected to wss://gateway.discord.gg
2022-04-24 02:15:12 | [INFO]    | Shard 0 : Received HELLO
2022-04-24 02:15:13 | [INFO]    | Shard 0 : Received READY
2022-04-24 02:18:16 | [INFO]    | Discordia 2.9.2
2022-04-24 02:18:16 | [INFO]    | Connecting to Discord...
2022-04-24 02:18:17 | [INFO]    | Authenticated as lightswitch#7368
2022-04-24 02:18:17 | [INFO]    | Launching shard 0 (1 out of 1)...
2022-04-24 02:18:17 | [INFO]    | Shard 0 : Connected to wss://gateway.discord.gg
2022-04-24 02:18:17 | [INFO]    | Shard 0 : Received HELLO
2022-04-24 02:18:17 | [INFO]    | Shard 0 : Received READY
2022-04-24 02:18:52 | [INFO]    | Discordia 2.9.2
2022-04-24 02:18:52 | [INFO]    | Connecting to Discord...
2022-04-24 02:18:52 | [INFO]    | Authenticated as lightswitch#7368
2022-04-24 02:18:52 | [INFO]    | Launching shard 0 (1 out of 1)...
2022-04-24 02:18:53 | [INFO]    | Shard 0 : Connected to wss://gateway.discord.gg
2022-04-24 02:18:53 | [INFO]    | Shard 0 : Received HELLO
2022-04-24 02:18:53 | [INFO]    | Shard 0 : Received READY
2022-04-24 02:30:08 | [INFO]    | Discordia 2.9.2
2022-04-24 02:30:08 | [INFO]    | Connecting to Discord...
2022-04-24 02:30:09 | [INFO]    | Authenticated as lightswitch#7368
2022-04-24 02:30:09 | [INFO]    | Launching shard 0 (1 out of 1)...
2022-04-24 02:30:09 | [INFO]    | Shard 0 : Connected to wss://gateway.discord.gg
2022-04-24 02:30:09 | [INFO]    | Shard 0 : Received HELLO
2022-04-24 02:30:09 | [INFO]    | Shard 0 : Received READY
2022-04-24 02:33:48 | [INFO]    | Discordia 2.9.2
2022-04-24 02:33:48 | [INFO]    | Connecting to Discord...
2022-04-24 02:33:48 | [INFO]    | Authenticated as lightswitch#7368
2022-04-24 02:33:48 | [INFO]    | Launching shard 0 (1 out of 1)...
2022-04-24 02:33:49 | [INFO]    | Shard 0 : Connected to wss://gateway.discord.gg
2022-04-24 02:33:49 | [INFO]    | Shard 0 : Received HELLO
2022-04-24 02:33:49 | [INFO]    | Shard 0 : Received READY
2022-04-24 02:38:01 | [INFO]    | Discordia 2.9.2
2022-04-24 02:38:01 | [INFO]    | Connecting to Discord...
2022-04-24 02:38:02 | [INFO]    | Authenticated as lightswitch#7368
2022-04-24 02:38:02 | [INFO]    | Launching shard 0 (1 out of 1)...
2022-04-24 02:38:02 | [INFO]    | Shard 0 : Connected to wss://gateway.discord.gg
2022-04-24 02:38:02 | [INFO]    | Shard 0 : Received HELLO
2022-04-24 02:38:03 | [INFO]    | Shard 0 : Received READY
2022-04-24 02:47:24 | [INFO]    | Discordia 2.9.2
2022-04-24 02:47:24 | [INFO]    | Connecting to Discord...
2022-04-24 02:47:24 | [INFO]    | Authenticated as lightswitch#7368
2022-04-24 02:47:24 | [INFO]    | Launching shard 0 (1 out of 1)...
2022-04-24 02:47:24 | [INFO]    | Shard 0 : Connected to wss://gateway.discord.gg
2022-04-24 02:47:24 | [INFO]    | Shard 0 : Received HELLO
2022-04-24 02:47:25 | [INFO]    | Shard 0 : Received READY
